1 0:00:00:00 Starting a new session
1 0:00:00:00 Loaded a total of 1001 password hashes with no different salts
1 0:00:00:00 Remaining 854 password hashes with no different salts
1 0:00:00:00 - Node numbers 1-4 of 4 (fork)
3 0:00:00:00 Command line: john --session=inc_all_full --format=Raw-SHA256 --incremental=All passwords.enc --fork=4 
3 0:00:00:00 - UTF-8 input encoding enabled
3 0:00:00:00 - Passwords will be stored UTF-8 encoded in .pot file
3 0:00:00:00 Autotune found best speed at MKPC of 8 (2 * 4)
3 0:00:00:00 - Will reject candidates longer than 55 bytes
3 0:00:00:00 Proceeding with "incremental" mode: All
3 0:00:00:00 ! Unknown incremental mode: All
3 0:00:00:00 Terminating on error, inc.c:517
2 0:00:00:00 Command line: john --session=inc_all_full --format=Raw-SHA256 --incremental=All passwords.enc --fork=4 
2 0:00:00:00 - UTF-8 input encoding enabled
2 0:00:00:00 - Passwords will be stored UTF-8 encoded in .pot file
2 0:00:00:00 Autotune found best speed at MKPC of 8 (2 * 4)
2 0:00:00:00 - Will reject candidates longer than 55 bytes
2 0:00:00:00 Proceeding with "incremental" mode: All
2 0:00:00:00 ! Unknown incremental mode: All
2 0:00:00:00 Terminating on error, inc.c:517
4 0:00:00:00 Command line: john --session=inc_all_full --format=Raw-SHA256 --incremental=All passwords.enc --fork=4 
4 0:00:00:00 - UTF-8 input encoding enabled
4 0:00:00:00 - Passwords will be stored UTF-8 encoded in .pot file
4 0:00:00:00 Autotune found best speed at MKPC of 8 (2 * 4)
4 0:00:00:00 - Will reject candidates longer than 55 bytes
4 0:00:00:00 Proceeding with "incremental" mode: All
4 0:00:00:00 ! Unknown incremental mode: All
4 0:00:00:00 Terminating on error, inc.c:517
1 0:00:00:00 Command line: john --session=inc_all_full --format=Raw-SHA256 --incremental=All passwords.enc --fork=4 
1 0:00:00:00 - UTF-8 input encoding enabled
1 0:00:00:00 - Passwords will be stored UTF-8 encoded in .pot file
1 0:00:00:00 Autotune found best speed at MKPC of 128 (32 * 4)
1 0:00:00:00 - Hash type: Raw-SHA256 (min-len 0, max-len 18 [worst case UTF-8] to 55 [ASCII])
1 0:00:00:00 - Algorithm: SHA256 128/128 ASIMD 4x
1 0:00:00:00 - Configured to use otherwise idle processor cycles only
1 0:00:00:00 - Will reject candidates longer than 55 bytes
1 0:00:00:00 - Candidate passwords will be buffered and tried in chunks of 1024
1 0:00:00:00 Proceeding with "incremental" mode: All
1 0:00:00:00 ! Unknown incremental mode: All
1 0:00:00:00 Terminating on error, inc.c:517
