0:00:00:00 Starting a new session
0:00:00:00 Loaded a total of 1001 password hashes with no different salts
0:00:00:00 Remaining 909 password hashes with no different salts
0:00:00:00 Command line: john --session=mask_l4 --format=Raw-SHA256 --mask=?l?l?l?l passwords.enc 
0:00:00:00 - UTF-8 input encoding enabled
0:00:00:00 - Passwords will be stored UTF-8 encoded in .pot file
0:00:00:00 Autotune found best speed at MKPC of 32 (8 * 4)
0:00:00:00 - Hash type: Raw-SHA256 (min-len 0, max-len 18 [worst case UTF-8] to 55 [ASCII])
0:00:00:00 - Algorithm: SHA256 128/128 ASIMD 4x
0:00:00:00 - Configured to use otherwise idle processor cycles only
0:00:00:00 - Will reject candidates longer than 55 bytes
0:00:00:00 Proceeding with mask mode
0:00:00:00 - Candidate passwords will be buffered and tried in chunks of 256
0:00:00:00 - No stacked rules
0:00:00:00 + Cracked 747
0:00:00:00 + Cracked 352
0:00:00:00 + Cracked 517
0:00:00:00 + Cracked 35
0:00:00:00 + Cracked 921
0:00:00:00 + Cracked 776
0:00:00:00 + Cracked 934
0:00:00:00 + Cracked 668
0:00:00:00 + Cracked 421
0:00:00:00 Session completed
