0:00:00:00 Starting a new session
0:00:00:00 Loaded a total of 1001 password hashes with no different salts
0:00:00:00 Remaining 900 password hashes with no different salts
0:00:00:00 Command line: john --session=mask_l5 --format=Raw-SHA256 --mask=?l?l?l?l?l passwords.enc 
0:00:00:00 - UTF-8 input encoding enabled
0:00:00:00 - Passwords will be stored UTF-8 encoded in .pot file
0:00:00:00 Autotune found best speed at MKPC of 32 (8 * 4)
0:00:00:00 - Hash type: Raw-SHA256 (min-len 0, max-len 18 [worst case UTF-8] to 55 [ASCII])
0:00:00:00 - Algorithm: SHA256 128/128 ASIMD 4x
0:00:00:00 - Configured to use otherwise idle processor cycles only
0:00:00:00 - Will reject candidates longer than 55 bytes
0:00:00:00 Proceeding with mask mode
0:00:00:00 - Candidate passwords will be buffered and tried in chunks of 256
0:00:00:00 - No stacked rules
0:00:00:00 + Cracked 326
0:00:00:00 + Cracked 583
0:00:00:00 + Cracked 605
0:00:00:00 + Cracked 744
0:00:00:00 + Cracked 681
0:00:00:00 + Cracked 846
0:00:00:00 + Cracked 663
0:00:00:00 + Cracked 961
0:00:00:00 + Cracked 54
0:00:00:00 + Cracked 1
0:00:00:00 + Cracked 235
0:00:00:00 + Cracked 977
0:00:00:00 + Cracked 10
0:00:00:00 + Cracked 580
0:00:00:00 + Cracked 665
0:00:00:00 + Cracked 773
0:00:00:00 + Cracked 11
0:00:00:00 + Cracked 332
0:00:00:00 + Cracked 15
0:00:00:00 + Cracked 500
0:00:00:00 + Cracked 881
0:00:00:00 + Cracked 796
0:00:00:00 + Cracked 51
0:00:00:00 + Cracked 318
0:00:00:00 + Cracked 872
0:00:00:00 + Cracked 115
0:00:00:00 + Cracked 710
0:00:00:00 + Cracked 298
0:00:00:00 + Cracked 656
0:00:00:00 + Cracked 612
0:00:00:00 + Cracked 903
0:00:00:00 + Cracked 777
0:00:00:00 + Cracked 351
0:00:00:00 + Cracked 717
0:00:00:00 + Cracked 800
0:00:00:00 + Cracked 989
0:00:00:00 + Cracked 594
0:00:00:00 + Cracked 497
0:00:00:00 + Cracked 950
0:00:00:00 + Cracked 883
0:00:00:00 + Cracked 122
0:00:00:00 + Cracked 804
0:00:00:00 + Cracked 816
0:00:00:00 + Cracked 319
0:00:00:00 + Cracked 673
0:00:00:00 + Cracked 593
0:00:00:00 Session completed
